Using pre-set license
Built from '2021.3/staging' branch; Version is '2021.3.5f1 (40eb3a945986) revision 4254522'; Using compiler version '192829333'; Build Type 'Release'
OS: 'Windows 10  (10.0.19045) 64bit Core' Language: 'en' Physical Memory: 16267 MB
BatchMode: 1, IsHumanControllingUs: 0, StartBugReporterOnCrash: 0, Is64bit: 1, IsPro: 1

COMMAND LINE ARGUMENTS:
D:\2021.3.5f1\Editor\Unity.exe
-adb2
-batchMode
-noUpm
-name
AssetImportWorker0
-projectPath
D:/GitHubRepositories/Squla-Addition-Challenge/Unity Project
-logFile
Logs/AssetImportWorker0.log
-srvPort
50381
Successfully changed project path to: D:/GitHubRepositories/Squla-Addition-Challenge/Unity Project
D:/GitHubRepositories/Squla-Addition-Challenge/Unity Project
[UnityMemory] Configuration Parameters - Can be set up in boot.config
    "memorysetup-bucket-allocator-granularity=16"
    "memorysetup-bucket-allocator-bucket-count=8"
    "memorysetup-bucket-allocator-block-size=33554432"
    "memorysetup-bucket-allocator-block-count=8"
    "memorysetup-main-allocator-block-size=16777216"
    "memorysetup-thread-allocator-block-size=16777216"
    "memorysetup-gfx-main-allocator-block-size=16777216"
    "memorysetup-gfx-thread-allocator-block-size=16777216"
    "memorysetup-cache-allocator-block-size=4194304"
    "memorysetup-typetree-allocator-block-size=2097152"
    "memorysetup-profiler-bucket-allocator-granularity=16"
    "memorysetup-profiler-bucket-allocator-bucket-count=8"
    "memorysetup-profiler-bucket-allocator-block-size=33554432"
    "memorysetup-profiler-bucket-allocator-block-count=8"
    "memorysetup-profiler-allocator-block-size=16777216"
    "memorysetup-profiler-editor-allocator-block-size=1048576"
    "memorysetup-temp-allocator-size-main=16777216"
    "memorysetup-job-temp-allocator-block-size=2097152"
    "memorysetup-job-temp-allocator-block-size-background=1048576"
    "memorysetup-job-temp-allocator-reduction-small-platforms=262144"
    "memorysetup-temp-allocator-size-background-worker=32768"
    "memorysetup-temp-allocator-size-job-worker=262144"
    "memorysetup-temp-allocator-size-preload-manager=33554432"
    "memorysetup-temp-allocator-size-nav-mesh-worker=65536"
    "memorysetup-temp-allocator-size-audio-worker=65536"
    "memorysetup-temp-allocator-size-cloud-worker=32768"
    "memorysetup-temp-allocator-size-gi-baking-worker=262144"
    "memorysetup-temp-allocator-size-gfx=262144"
Refreshing native plugins compatible for Editor in 54.81 ms, found 3 plugins.
Preloading 0 native plugins for Editor in 0.00 ms.
Initialize engine version: 2021.3.5f1 (40eb3a945986)
[Subsystems] Discovering subsystems at path D:/2021.3.5f1/Editor/Data/Resources/UnitySubsystems
[Subsystems] Discovering subsystems at path D:/GitHubRepositories/Squla-Addition-Challenge/Unity Project/Assets
GfxDevice: creating device client; threaded=0; jobified=0
Direct3D:
    Version:  Direct3D 11.0 [level 11.1]
    Renderer: NVIDIA GeForce GTX 1060 (ID=0x1c20)
    Vendor:   NVIDIA
    VRAM:     6052 MB
    Driver:   31.0.15.1748
Initialize mono
Mono path[0] = 'D:/2021.3.5f1/Editor/Data/Managed'
Mono path[1] = 'D:/2021.3.5f1/Editor/Data/MonoBleedingEdge/lib/mono/unityjit-win32'
Mono config path = 'D:/2021.3.5f1/Editor/Data/MonoBleedingEdge/etc'
Using monoOptions --debugger-agent=transport=dt_socket,embedding=1,server=y,suspend=n,address=127.0.0.1:56736
Begin MonoManager ReloadAssembly
Registering precompiled unity dll's ...
Register platform support module: D:/2021.3.5f1/Editor/Data/PlaybackEngines/WindowsStandaloneSupport/UnityEditor.WindowsStandalone.Extensions.dll
Registered in 0.003405 seconds.
Native extension for WindowsStandalone target not found
Refreshing native plugins compatible for Editor in 54.94 ms, found 3 plugins.
Preloading 0 native plugins for Editor in 0.00 ms.
Mono: successfully reloaded assembly
- Completed reload, in  0.858 seconds
Domain Reload Profiling:
	ReloadAssembly (858ms)
		BeginReloadAssembly (133ms)
			ExecutionOrderSort (0ms)
			DisableScriptedObjects (0ms)
			BackupInstance (0ms)
			ReleaseScriptingObjects (0ms)
			CreateAndSetChildDomain (1ms)
		EndReloadAssembly (594ms)
			LoadAssemblies (133ms)
			RebuildTransferFunctionScriptingTraits (0ms)
			SetupTypeCache (178ms)
			ReleaseScriptCaches (0ms)
			RebuildScriptCaches (42ms)
			SetupLoadedEditorAssemblies (304ms)
				LogAssemblyErrors (0ms)
				InitializePlatformSupportModulesInManaged (7ms)
				SetLoadedEditorAssemblies (0ms)
				RefreshPlugins (55ms)
				BeforeProcessingInitializeOnLoad (2ms)
				ProcessInitializeOnLoadAttributes (181ms)
				ProcessInitializeOnLoadMethodAttributes (58ms)
				AfterProcessingInitializeOnLoad (0ms)
				EditorAssembliesLoaded (0ms)
			ExecutionOrderSort2 (0ms)
			AwakeInstancesAfterBackupRestoration (0ms)
Platform modules already initialized, skipping
Registering precompiled user dll's ...
Registered in 0.009167 seconds.
Begin MonoManager ReloadAssembly
Native extension for WindowsStandalone target not found
Refreshing native plugins compatible for Editor in 48.50 ms, found 3 plugins.
Preloading 0 native plugins for Editor in 0.00 ms.
Mono: successfully reloaded assembly
- Completed reload, in  1.425 seconds
Domain Reload Profiling:
	ReloadAssembly (1427ms)
		BeginReloadAssembly (169ms)
			ExecutionOrderSort (0ms)
			DisableScriptedObjects (7ms)
			BackupInstance (0ms)
			ReleaseScriptingObjects (0ms)
			CreateAndSetChildDomain (25ms)
		EndReloadAssembly (1116ms)
			LoadAssemblies (144ms)
			RebuildTransferFunctionScriptingTraits (0ms)
			SetupTypeCache (324ms)
			ReleaseScriptCaches (1ms)
			RebuildScriptCaches (65ms)
			SetupLoadedEditorAssemblies (545ms)
				LogAssemblyErrors (0ms)
				InitializePlatformSupportModulesInManaged (4ms)
				SetLoadedEditorAssemblies (0ms)
				RefreshPlugins (49ms)
				BeforeProcessingInitializeOnLoad (79ms)
				ProcessInitializeOnLoadAttributes (334ms)
				ProcessInitializeOnLoadMethodAttributes (74ms)
				AfterProcessingInitializeOnLoad (4ms)
				EditorAssembliesLoaded (1ms)
			ExecutionOrderSort2 (0ms)
			AwakeInstancesAfterBackupRestoration (17ms)
Platform modules already initialized, skipping
========================================================================
Worker process is ready to serve import requests
Launched and connected shader compiler UnityShaderCompiler.exe after 0.12 seconds
Refreshing native plugins compatible for Editor in 1.03 ms, found 3 plugins.
Preloading 0 native plugins for Editor in 0.00 ms.
Unloading 2494 Unused Serialized files (Serialized files now loaded: 0)
Unloading 34 unused Assets / (30.3 KB). Loaded Objects now: 2962.
Memory consumption went from 112.1 MB to 112.0 MB.
Total: 4.143400 ms (FindLiveObjects: 0.235600 ms CreateObjectMapping: 0.174600 ms MarkObjects: 3.657900 ms  DeleteObjects: 0.074100 ms)

AssetImportParameters requested are different than current active one (requested -> active):
  custom:video-decoder-ogg-theora: a1e56fd34408186e4bbccfd4996cb3dc -> 
  custom:container-muxer-webm: aa71ff27fc2769a1b78a27578f13a17b -> 
  custom:container-demuxer-webm: 4f35f7cbe854078d1ac9338744f61a02 -> 
  custom:video-encoder-webm-vp8: eb34c28f22e8b96e1ab97ce403110664 -> 
  custom:audio-encoder-webm-vorbis: bf7c407c2cedff20999df2af8eb42d56 -> 
  custom:framework-win-MediaFoundation: 216162199b28c13a410421893ffa2e32 -> 
  custom:container-demuxer-ogg: 62fdf1f143b41e24485cea50d1cbac27 -> 
  custom:video-decoder-webm-vp8: 9c59270c3fd7afecdb556c50c9e8de78 -> 
  custom:audio-decoder-ogg-vorbis: bf7c407c2cedff20999df2af8eb42d56 -> 
========================================================================
Received Import Request.
  Time since last request: 561764.100061 seconds.
  path: Assets/Prefabs/NumberButton.prefab
  artifactKey: Guid(a658391968c134c9eb55f8464ef42c8b) Importer(815301076,1909f56bfc062723c751e8b465ee728b)
Start importing Assets/Prefabs/NumberButton.prefab using Guid(a658391968c134c9eb55f8464ef42c8b) Importer(815301076,1909f56bfc062723c751e8b465ee728b)  -> (artifact id: '42268ef4c30d3f591789585b3738c65a') in 0.112068 seconds 
========================================================================
Received Import Request.
  Time since last request: 8.900650 seconds.
  path: Assets/Prefabs/NumberButton.prefab
  artifactKey: Guid(a658391968c134c9eb55f8464ef42c8b) Importer(815301076,1909f56bfc062723c751e8b465ee728b)
Start importing Assets/Prefabs/NumberButton.prefab using Guid(a658391968c134c9eb55f8464ef42c8b) Importer(815301076,1909f56bfc062723c751e8b465ee728b)  -> (artifact id: '9bb21f9aa91b56d97d09c34e62d76d31') in 0.015532 seconds 
========================================================================
Received Import Request.
  Time since last request: 2.109204 seconds.
  path: Assets/Prefabs/NumberButton.prefab
  artifactKey: Guid(a658391968c134c9eb55f8464ef42c8b) Importer(815301076,1909f56bfc062723c751e8b465ee728b)
Start importing Assets/Prefabs/NumberButton.prefab using Guid(a658391968c134c9eb55f8464ef42c8b) Importer(815301076,1909f56bfc062723c751e8b465ee728b)  -> (artifact id: '6dc0e25cc2c699a96c51609565224494') in 0.021272 seconds 
========================================================================
Received Import Request.
  Time since last request: 1.938803 seconds.
  path: Assets/Prefabs/NumberButton.prefab
  artifactKey: Guid(a658391968c134c9eb55f8464ef42c8b) Importer(815301076,1909f56bfc062723c751e8b465ee728b)
Start importing Assets/Prefabs/NumberButton.prefab using Guid(a658391968c134c9eb55f8464ef42c8b) Importer(815301076,1909f56bfc062723c751e8b465ee728b)  -> (artifact id: 'c8d4f4eadbd75f61b00505c40a3ef773') in 0.023080 seconds 
========================================================================
Received Import Request.
  Time since last request: 9.018611 seconds.
  path: Assets/Prefabs/NumberButton.prefab
  artifactKey: Guid(a658391968c134c9eb55f8464ef42c8b) Importer(815301076,1909f56bfc062723c751e8b465ee728b)
Start importing Assets/Prefabs/NumberButton.prefab using Guid(a658391968c134c9eb55f8464ef42c8b) Importer(815301076,1909f56bfc062723c751e8b465ee728b)  -> (artifact id: '2c52c4b74c4a40710d0488ab18e92739') in 0.015792 seconds 
========================================================================
Received Import Request.
  Time since last request: 24.400860 seconds.
  path: Assets/Prefabs/NumberButton.prefab
  artifactKey: Guid(a658391968c134c9eb55f8464ef42c8b) Importer(815301076,1909f56bfc062723c751e8b465ee728b)
Start importing Assets/Prefabs/NumberButton.prefab using Guid(a658391968c134c9eb55f8464ef42c8b) Importer(815301076,1909f56bfc062723c751e8b465ee728b)  -> (artifact id: '699cfe97c66ad0bfc2a60c107272150c') in 0.017658 seconds 
========================================================================
Received Import Request.
  Time since last request: 2.567094 seconds.
  path: Assets/Prefabs/NumberButton.prefab
  artifactKey: Guid(a658391968c134c9eb55f8464ef42c8b) Importer(815301076,1909f56bfc062723c751e8b465ee728b)
Start importing Assets/Prefabs/NumberButton.prefab using Guid(a658391968c134c9eb55f8464ef42c8b) Importer(815301076,1909f56bfc062723c751e8b465ee728b)  -> (artifact id: '10bac4fd7428003cfc0f66fded4a87cd') in 0.019831 seconds 
========================================================================
Received Import Request.
  Time since last request: 4.490054 seconds.
  path: Assets/Prefabs/NumberButton.prefab
  artifactKey: Guid(a658391968c134c9eb55f8464ef42c8b) Importer(815301076,1909f56bfc062723c751e8b465ee728b)
Start importing Assets/Prefabs/NumberButton.prefab using Guid(a658391968c134c9eb55f8464ef42c8b) Importer(815301076,1909f56bfc062723c751e8b465ee728b)  -> (artifact id: 'e8f7a080d53487cd91f9472a996710e9') in 0.019098 seconds 
========================================================================
Received Import Request.
  Time since last request: 2.993756 seconds.
  path: Assets/Prefabs/NumberButton.prefab
  artifactKey: Guid(a658391968c134c9eb55f8464ef42c8b) Importer(815301076,1909f56bfc062723c751e8b465ee728b)
Start importing Assets/Prefabs/NumberButton.prefab using Guid(a658391968c134c9eb55f8464ef42c8b) Importer(815301076,1909f56bfc062723c751e8b465ee728b)  -> (artifact id: '81892c9c46bbb60aff55bc39d261ded9') in 0.016299 seconds 
========================================================================
Received Import Request.
  Time since last request: 252.425346 seconds.
  path: Assets/Prefabs/ConfirmButton.prefab
  artifactKey: Guid(c6e6e37df2bee474d94838537723f080) Importer(815301076,1909f56bfc062723c751e8b465ee728b)
Start importing Assets/Prefabs/ConfirmButton.prefab using Guid(c6e6e37df2bee474d94838537723f080) Importer(815301076,1909f56bfc062723c751e8b465ee728b)  -> (artifact id: 'b033a449dda391f91fbc4589c68975a7') in 0.036464 seconds 
========================================================================
Received Import Request.
  Time since last request: 4.359187 seconds.
  path: Assets/Prefabs/ConfirmButton.prefab
  artifactKey: Guid(c6e6e37df2bee474d94838537723f080) Importer(815301076,1909f56bfc062723c751e8b465ee728b)
Start importing Assets/Prefabs/ConfirmButton.prefab using Guid(c6e6e37df2bee474d94838537723f080) Importer(815301076,1909f56bfc062723c751e8b465ee728b)  -> (artifact id: 'b185edeebdb8a6e21fa767cd6b070f2d') in 0.007974 seconds 
========================================================================
Received Import Request.
  Time since last request: 9.147322 seconds.
  path: Assets/Prefabs/Addition.prefab
  artifactKey: Guid(debe3e2a298ee9c4599116276492e0ee) Importer(815301076,1909f56bfc062723c751e8b465ee728b)
Start importing Assets/Prefabs/Addition.prefab using Guid(debe3e2a298ee9c4599116276492e0ee) Importer(815301076,1909f56bfc062723c751e8b465ee728b)  -> (artifact id: 'd1cb48c8d525b8373d2626eca85a80fa') in 0.017110 seconds 
========================================================================
Received Import Request.
  Time since last request: 5.115862 seconds.
  path: Assets/Prefabs/BackspaceButton.prefab
  artifactKey: Guid(70a2b90eab3130849ab6d19034e8fbdd) Importer(815301076,1909f56bfc062723c751e8b465ee728b)
Start importing Assets/Prefabs/BackspaceButton.prefab using Guid(70a2b90eab3130849ab6d19034e8fbdd) Importer(815301076,1909f56bfc062723c751e8b465ee728b)  -> (artifact id: '02423d40a5d5241ce4fa57a3582cc4b1') in 0.011025 seconds 
========================================================================
Received Import Request.
  Time since last request: 44.842735 seconds.
  path: Assets/Prefabs/BackspaceButton.prefab
  artifactKey: Guid(70a2b90eab3130849ab6d19034e8fbdd) Importer(815301076,1909f56bfc062723c751e8b465ee728b)
Start importing Assets/Prefabs/BackspaceButton.prefab using Guid(70a2b90eab3130849ab6d19034e8fbdd) Importer(815301076,1909f56bfc062723c751e8b465ee728b)  -> (artifact id: 'f674f205b4759ac81fb5845fe0d66641') in 0.016425 seconds 
========================================================================
Received Import Request.
  Time since last request: 3.608267 seconds.
  path: Assets/Prefabs/BackspaceButton.prefab
  artifactKey: Guid(70a2b90eab3130849ab6d19034e8fbdd) Importer(815301076,1909f56bfc062723c751e8b465ee728b)
Start importing Assets/Prefabs/BackspaceButton.prefab using Guid(70a2b90eab3130849ab6d19034e8fbdd) Importer(815301076,1909f56bfc062723c751e8b465ee728b)  -> (artifact id: '302ba1fdd560e6068efabd44a4def13a') in 0.008851 seconds 
========================================================================
Received Import Request.
  Time since last request: 26.495320 seconds.
  path: Assets/Prefabs/BackspaceButton.prefab
  artifactKey: Guid(70a2b90eab3130849ab6d19034e8fbdd) Importer(815301076,1909f56bfc062723c751e8b465ee728b)
Start importing Assets/Prefabs/BackspaceButton.prefab using Guid(70a2b90eab3130849ab6d19034e8fbdd) Importer(815301076,1909f56bfc062723c751e8b465ee728b)  -> (artifact id: '762af56180b3b0444f1f7475c7cdced1') in 0.009969 seconds 
========================================================================
Received Import Request.
  Time since last request: 5.126204 seconds.
  path: Assets/Prefabs/BackspaceButton.prefab
  artifactKey: Guid(70a2b90eab3130849ab6d19034e8fbdd) Importer(815301076,1909f56bfc062723c751e8b465ee728b)
Start importing Assets/Prefabs/BackspaceButton.prefab using Guid(70a2b90eab3130849ab6d19034e8fbdd) Importer(815301076,1909f56bfc062723c751e8b465ee728b)  -> (artifact id: '14f8f75ddf5ae3afb297d2a9cfbbbe0c') in 0.009442 seconds 
========================================================================
Received Import Request.
  Time since last request: 308.421680 seconds.
  path: Assets/Scripts/GameManager.cs
  artifactKey: Guid(781eb16d16d432f4e98872a6dd8488f4) Importer(815301076,1909f56bfc062723c751e8b465ee728b)
Start importing Assets/Scripts/GameManager.cs using Guid(781eb16d16d432f4e98872a6dd8488f4) Importer(815301076,1909f56bfc062723c751e8b465ee728b)  -> (artifact id: '4ecef69648fe35daf654af859b3be9d6') in 0.045865 seconds 
========================================================================
Received Prepare
Registering precompiled user dll's ...
Registered in 0.008455 seconds.
Begin MonoManager ReloadAssembly
Native extension for WindowsStandalone target not found
Refreshing native plugins compatible for Editor in 1.00 ms, found 3 plugins.
Preloading 0 native plugins for Editor in 0.00 ms.
Mono: successfully reloaded assembly
- Completed reload, in  1.451 seconds
Domain Reload Profiling:
	ReloadAssembly (1452ms)
		BeginReloadAssembly (200ms)
			ExecutionOrderSort (0ms)
			DisableScriptedObjects (8ms)
			BackupInstance (0ms)
			ReleaseScriptingObjects (0ms)
			CreateAndSetChildDomain (41ms)
		EndReloadAssembly (1111ms)
			LoadAssemblies (163ms)
			RebuildTransferFunctionScriptingTraits (0ms)
			SetupTypeCache (301ms)
			ReleaseScriptCaches (1ms)
			RebuildScriptCaches (55ms)
			SetupLoadedEditorAssemblies (558ms)
				LogAssemblyErrors (0ms)
				InitializePlatformSupportModulesInManaged (20ms)
				SetLoadedEditorAssemblies (1ms)
				RefreshPlugins (1ms)
				BeforeProcessingInitializeOnLoad (98ms)
				ProcessInitializeOnLoadAttributes (364ms)
				ProcessInitializeOnLoadMethodAttributes (69ms)
				AfterProcessingInitializeOnLoad (5ms)
				EditorAssembliesLoaded (0ms)
			ExecutionOrderSort2 (0ms)
			AwakeInstancesAfterBackupRestoration (17ms)
Platform modules already initialized, skipping
Refreshing native plugins compatible for Editor in 3.57 ms, found 3 plugins.
Preloading 0 native plugins for Editor in 0.00 ms.
Unloading 2470 Unused Serialized files (Serialized files now loaded: 0)
Unloading 22 unused Assets / (24.9 KB). Loaded Objects now: 2965.
Memory consumption went from 110.1 MB to 110.1 MB.
Total: 4.224600 ms (FindLiveObjects: 0.269400 ms CreateObjectMapping: 0.143200 ms MarkObjects: 3.788000 ms  DeleteObjects: 0.022700 ms)

AssetImportParameters requested are different than current active one (requested -> active):
  custom:video-decoder-ogg-theora: a1e56fd34408186e4bbccfd4996cb3dc -> 
  custom:container-muxer-webm: aa71ff27fc2769a1b78a27578f13a17b -> 
  custom:container-demuxer-webm: 4f35f7cbe854078d1ac9338744f61a02 -> 
  custom:video-encoder-webm-vp8: eb34c28f22e8b96e1ab97ce403110664 -> 
  custom:audio-encoder-webm-vorbis: bf7c407c2cedff20999df2af8eb42d56 -> 
  custom:framework-win-MediaFoundation: 216162199b28c13a410421893ffa2e32 -> 
  custom:container-demuxer-ogg: 62fdf1f143b41e24485cea50d1cbac27 -> 
  custom:video-decoder-webm-vp8: 9c59270c3fd7afecdb556c50c9e8de78 -> 
  custom:audio-decoder-ogg-vorbis: bf7c407c2cedff20999df2af8eb42d56 -> 
========================================================================
Received Import Request.
  Time since last request: 503.838614 seconds.
  path: Assets/Scenes/GameScene.unity
  artifactKey: Guid(2cda990e2423bbf4892e6590ba056729) Importer(815301076,1909f56bfc062723c751e8b465ee728b)
Start importing Assets/Scenes/GameScene.unity using Guid(2cda990e2423bbf4892e6590ba056729) Importer(815301076,1909f56bfc062723c751e8b465ee728b)  -> (artifact id: 'ecae430891f06db64ba89b9419d9cc0f') in 0.023475 seconds 
========================================================================
Received Import Request.
  Time since last request: 16.726731 seconds.
  path: Packages/com.unity.2d.sprite/LICENSE.md
  artifactKey: Guid(20ef7441e2dc7954c9ba3a12ffbac4d9) Importer(815301076,1909f56bfc062723c751e8b465ee728b)
Start importing Packages/com.unity.2d.sprite/LICENSE.md using Guid(20ef7441e2dc7954c9ba3a12ffbac4d9) Importer(815301076,1909f56bfc062723c751e8b465ee728b)  -> (artifact id: '582b1bb2366381f4cd22c8185d35f02c') in 0.040927 seconds 
========================================================================
Received Import Request.
  Time since last request: 7.860572 seconds.
  path: Packages/com.unity.2d.sprite/CHANGELOG.md
  artifactKey: Guid(b7007d815829e7644bb81d1f8004a340) Importer(815301076,1909f56bfc062723c751e8b465ee728b)
Start importing Packages/com.unity.2d.sprite/CHANGELOG.md using Guid(b7007d815829e7644bb81d1f8004a340) Importer(815301076,1909f56bfc062723c751e8b465ee728b)  -> (artifact id: '3591b29f47e13a1566eaa4efba29ab99') in 0.011007 seconds 
========================================================================
Received Import Request.
  Time since last request: 4.727604 seconds.
  path: Packages/com.unity.2d.sprite/README.md
  artifactKey: Guid(e31c136ab48c1194184380e435f3936d) Importer(815301076,1909f56bfc062723c751e8b465ee728b)
Start importing Packages/com.unity.2d.sprite/README.md using Guid(e31c136ab48c1194184380e435f3936d) Importer(815301076,1909f56bfc062723c751e8b465ee728b)  -> (artifact id: '7aebe1e585b64358607769e9af974afa') in 0.086483 seconds 
========================================================================
Received Import Request.
  Time since last request: 3.416160 seconds.
  path: Packages/com.unity.2d.spriteshape/LICENSE.md
  artifactKey: Guid(893b6fc79706f4a7cad3f07ed30c3f4c) Importer(815301076,1909f56bfc062723c751e8b465ee728b)
Start importing Packages/com.unity.2d.spriteshape/LICENSE.md using Guid(893b6fc79706f4a7cad3f07ed30c3f4c) Importer(815301076,1909f56bfc062723c751e8b465ee728b)  -> (artifact id: '56cf2c548940d60bd8d394ac9cba9da6') in 0.003798 seconds 
